<?xml version="1.0" encoding="UTF-8"?>
<!-- Generated by org.testng.reporters.JUnitXMLReporter -->
<testsuite ignored="1" hostname="Lenovo-PC" failures="0" tests="6" name="Default test" time="0.106" errors="0" timestamp="2023-02-04T19:54:35 IST">
  <testcase classname="testDemo.TestDemoday3" name="MobilesignoutCarLoan" time="0.015"/>
  <testcase classname="testDemo.TestDemoday3" name="MobilesignoutCarLoan" time="0.003"/>
  <testcase classname="testDemo.TestDemoday3" name="MobilesignoutCarLoan" time="0.002"/>
  <testcase classname="testDemo.TestDemoday3" name="WebloginCarLoan" time="0.003"/>
  <testcase classname="testDemo.TestDemoday3" name="MobileloginCarLoan" time="0.003"/>
  <testcase classname="testDemo.TestDemoday3" name="ApiloginCarLoan" time="0.002"/>
  <testcase classname="testDemo.TestDemoday3" name="MobilesiginCarLoan" time="0.0">
    <ignored/>
  </testcase> <!-- MobilesiginCarLoan -->
</testsuite> <!-- Default test -->
