<?xml version="1.0" encoding="UTF-8"?>
<!-- Generated by org.testng.reporters.JUnitXMLReporter -->
<testsuite ignored="2" hostname="Lenovo-PC" failures="0" tests="5" name="Car Loan" time="0.166" errors="0" timestamp="2023-01-17T22:23:36 IST">
  <testcase classname="testDemo.TestDemoday3" name="MobileloginCarLoan" time="0.01"/>
  <testcase classname="testDemo.TestDemoday3" name="MobilesignoutCarLoan" time="0.009"/>
  <testcase classname="testDemo.TestDemoday3" name="MobilesignoutCarLoan" time="0.002"/>
  <testcase classname="testDemo.TestDemoday3" name="MobilesignoutCarLoan" time="0.022"/>
  <testcase classname="testDemo.TestDemoday3" name="WebloginCarLoan" time="0.002"/>
  <testcase classname="testDemo.TestDemoday3" name="ApiloginCarLoan" time="0.0">
    <ignored/>
  </testcase> <!-- ApiloginCarLoan -->
  <testcase classname="testDemo.TestDemoday3" name="MobilesiginCarLoan" time="0.0">
    <ignored/>
  </testcase> <!-- MobilesiginCarLoan -->
</testsuite> <!-- Car Loan -->
