<?xml version="1.0" encoding="UTF-8"?>
<!-- Generated by org.testng.reporters.JUnitXMLReporter -->
<testsuite ignored="8" hostname="Lenovo-PC" failures="0" tests="3" name="Regression" time="0.067" errors="0" timestamp="2023-01-17T00:50:22 IST">
  <testcase classname="testDemo.TestDemoday2" name="ploan" time="0.014"/>
  <testcase classname="testDemo.TestDemoday3" name="MobileloginCarLoan" time="0.002"/>
  <testcase classname="testDemo.TestDemoday4" name="MobileloginHomeLoan" time="0.003"/>
  <testcase classname="testDemo.TestDemoday1" name="demo" time="0.0">
    <ignored/>
  </testcase> <!-- demo -->
  <testcase classname="testDemo.TestDemoday4" name="ApiloginHomeLoan" time="0.0">
    <ignored/>
  </testcase> <!-- ApiloginHomeLoan -->
  <testcase classname="testDemo.TestDemoday3" name="ApiloginCarLoan" time="0.0">
    <ignored/>
  </testcase> <!-- ApiloginCarLoan -->
  <testcase classname="testDemo.TestDemoday3" name="MobilesiginCarLoan" time="0.0">
    <ignored/>
  </testcase> <!-- MobilesiginCarLoan -->
  <testcase classname="testDemo.TestDemoday1" name="demo2" time="0.0">
    <ignored/>
  </testcase> <!-- demo2 -->
  <testcase classname="testDemo.TestDemoday3" name="MobilesignoutCarLoan" time="0.0">
    <ignored/>
  </testcase> <!-- MobilesignoutCarLoan -->
  <testcase classname="testDemo.TestDemoday3" name="WebloginCarLoan" time="0.0">
    <ignored/>
  </testcase> <!-- WebloginCarLoan -->
  <testcase classname="testDemo.TestDemoday4" name="WebloginHomeLoan" time="0.0">
    <ignored/>
  </testcase> <!-- WebloginHomeLoan -->
</testsuite> <!-- Regression -->
