<?xml version="1.0" encoding="UTF-8"?>
<testng-results ignored="3" total="13" passed="9" failed="1" skipped="0">
  <reporter-output>
  </reporter-output>
  <suite started-at="2023-01-17T22:23:35 IST" name="Loan Department" finished-at="2023-01-17T22:23:36 IST" duration-ms="166">
    <groups>
      <group name="Smoke">
        <method signature="TestDemoday2.ploan()[pri:0, instance:testDemo.TestDemoday2@3e92efc3]" name="ploan" class="testDemo.TestDemoday2"/>
        <method signature="TestDemoday4.MobileloginHomeLoan()[pri:0, instance:testDemo.TestDemoday4@1622f1b]" name="MobileloginHomeLoan" class="testDemo.TestDemoday4"/>
        <method signature="TestDemoday3.MobileloginCarLoan()[pri:0, instance:testDemo.TestDemoday3@6973b51b]" name="MobileloginCarLoan" class="testDemo.TestDemoday3"/>
      </group> <!-- Smoke -->
    </groups>
    <test started-at="2023-01-17T22:23:35 IST" name="Car Loan" finished-at="2023-01-17T22:23:36 IST" duration-ms="166">
      <class name="testDemo.TestDemoday1">
        <test-method is-config="true" signature="Afsuite()[pri:0, instance:testDemo.TestDemoday1@3c419631]" started-at="2023-01-17T22:23:36 IST" name="Afsuite" finished-at="2023-01-17T22:23:36 IST" duration-ms="1" status="PASS">
          <reporter-output>
          </reporter-output>
        </test-method> <!-- Afsuite -->
      </class> <!-- testDemo.TestDemoday1 -->
      <class name="testDemo.TestDemoday3">
        <test-method is-config="true" signature="Bfsuite()[pri:0, instance:testDemo.TestDemoday3@6973b51b]" started-at="2023-01-17T22:23:35 IST" name="Bfsuite" finished-at="2023-01-17T22:23:35 IST" duration-ms="11" status="PASS">
          <reporter-output>
          </reporter-output>
        </test-method> <!-- Bfsuite -->
        <test-method is-config="true" signature="Bfclass()[pri:0, instance:testDemo.TestDemoday3@6973b51b]" started-at="2023-01-17T22:23:35 IST" name="Bfclass" finished-at="2023-01-17T22:23:35 IST" duration-ms="0" status="PASS">
          <reporter-output>
          </reporter-output>
        </test-method> <!-- Bfclass -->
        <test-method is-config="true" signature="BfEveryTest()[pri:0, instance:testDemo.TestDemoday3@6973b51b]" started-at="2023-01-17T22:23:35 IST" name="BfEveryTest" finished-at="2023-01-17T22:23:35 IST" duration-ms="0" status="PASS">
          <reporter-output>
          </reporter-output>
        </test-method> <!-- BfEveryTest -->
        <test-method signature="MobileloginCarLoan()[pri:0, instance:testDemo.TestDemoday3@6973b51b]" started-at="2023-01-17T22:23:35 IST" name="MobileloginCarLoan" finished-at="2023-01-17T22:23:36 IST" duration-ms="10" status="PASS">
          <reporter-output>
          </reporter-output>
        </test-method> <!-- MobileloginCarLoan -->
        <test-method is-config="true" signature="AfEveryTest()[pri:0, instance:testDemo.TestDemoday3@6973b51b]" started-at="2023-01-17T22:23:36 IST" name="AfEveryTest" finished-at="2023-01-17T22:23:36 IST" duration-ms="1" status="PASS">
          <reporter-output>
          </reporter-output>
        </test-method> <!-- AfEveryTest -->
        <test-method is-config="true" signature="BfEveryTest()[pri:0, instance:testDemo.TestDemoday3@6973b51b]" started-at="2023-01-17T22:23:36 IST" name="BfEveryTest" finished-at="2023-01-17T22:23:36 IST" duration-ms="2" status="PASS">
          <reporter-output>
          </reporter-output>
        </test-method> <!-- BfEveryTest -->
        <test-method signature="MobilesignoutCarLoan(java.lang.String,java.lang.String)[pri:0, instance:testDemo.TestDemoday3@6973b51b]" started-at="2023-01-17T22:23:36 IST" name="MobilesignoutCarLoan" data-provider="getData" finished-at="2023-01-17T22:23:36 IST" duration-ms="9" status="PASS">
          <params>
            <param index="0">
              <value>
                <![CDATA[firstSetUserName]]>
              </value>
            </param>
            <param index="1">
              <value>
                <![CDATA[firstPassword]]>
              </value>
            </param>
          </params>
          <reporter-output>
          </reporter-output>
        </test-method> <!-- MobilesignoutCarLoan -->
        <test-method is-config="true" signature="AfEveryTest()[pri:0, instance:testDemo.TestDemoday3@6973b51b]" started-at="2023-01-17T22:23:36 IST" name="AfEveryTest" finished-at="2023-01-17T22:23:36 IST" duration-ms="1" status="PASS">
          <reporter-output>
          </reporter-output>
        </test-method> <!-- AfEveryTest -->
        <test-method is-config="true" signature="BfEveryTest()[pri:0, instance:testDemo.TestDemoday3@6973b51b]" started-at="2023-01-17T22:23:36 IST" name="BfEveryTest" finished-at="2023-01-17T22:23:36 IST" duration-ms="1" status="PASS">
          <reporter-output>
          </reporter-output>
        </test-method> <!-- BfEveryTest -->
        <test-method signature="MobilesignoutCarLoan(java.lang.String,java.lang.String)[pri:0, instance:testDemo.TestDemoday3@6973b51b]" started-at="2023-01-17T22:23:36 IST" name="MobilesignoutCarLoan" data-provider="getData" finished-at="2023-01-17T22:23:36 IST" duration-ms="2" status="PASS">
          <params>
            <param index="0">
              <value>
                <![CDATA[secondSetUserName]]>
              </value>
            </param>
            <param index="1">
              <value>
                <![CDATA[secondPassword]]>
              </value>
            </param>
          </params>
          <reporter-output>
          </reporter-output>
        </test-method> <!-- MobilesignoutCarLoan -->
        <test-method is-config="true" signature="AfEveryTest()[pri:0, instance:testDemo.TestDemoday3@6973b51b]" started-at="2023-01-17T22:23:36 IST" name="AfEveryTest" finished-at="2023-01-17T22:23:36 IST" duration-ms="0" status="PASS">
          <reporter-output>
          </reporter-output>
        </test-method> <!-- AfEveryTest -->
        <test-method is-config="true" signature="BfEveryTest()[pri:0, instance:testDemo.TestDemoday3@6973b51b]" started-at="2023-01-17T22:23:36 IST" name="BfEveryTest" finished-at="2023-01-17T22:23:36 IST" duration-ms="2" status="PASS">
          <reporter-output>
          </reporter-output>
        </test-method> <!-- BfEveryTest -->
        <test-method signature="MobilesignoutCarLoan(java.lang.String,java.lang.String)[pri:0, instance:testDemo.TestDemoday3@6973b51b]" started-at="2023-01-17T22:23:36 IST" name="MobilesignoutCarLoan" data-provider="getData" finished-at="2023-01-17T22:23:36 IST" duration-ms="22" status="PASS">
          <params>
            <param index="0">
              <value>
                <![CDATA[thirdSetUserName]]>
              </value>
            </param>
            <param index="1">
              <value>
                <![CDATA[thirdPassword]]>
              </value>
            </param>
          </params>
          <reporter-output>
          </reporter-output>
        </test-method> <!-- MobilesignoutCarLoan -->
        <test-method is-config="true" signature="AfEveryTest()[pri:0, instance:testDemo.TestDemoday3@6973b51b]" started-at="2023-01-17T22:23:36 IST" name="AfEveryTest" finished-at="2023-01-17T22:23:36 IST" duration-ms="2" status="PASS">
          <reporter-output>
          </reporter-output>
        </test-method> <!-- AfEveryTest -->
        <test-method is-config="true" signature="BfEveryTest()[pri:0, instance:testDemo.TestDemoday3@6973b51b]" started-at="2023-01-17T22:23:36 IST" name="BfEveryTest" finished-at="2023-01-17T22:23:36 IST" duration-ms="1" status="PASS">
          <reporter-output>
          </reporter-output>
        </test-method> <!-- BfEveryTest -->
        <test-method signature="WebloginCarLoan(java.lang.String,java.lang.String)[pri:0, instance:testDemo.TestDemoday3@6973b51b]" started-at="2023-01-17T22:23:36 IST" name="WebloginCarLoan" finished-at="2023-01-17T22:23:36 IST" duration-ms="2" status="PASS">
          <params>
            <param index="0">
              <value>
                <![CDATA[carloan.com]]>
              </value>
            </param>
            <param index="1">
              <value>
                <![CDATA[123456]]>
              </value>
            </param>
          </params>
          <reporter-output>
          </reporter-output>
        </test-method> <!-- WebloginCarLoan -->
        <test-method is-config="true" signature="AfEveryTest()[pri:0, instance:testDemo.TestDemoday3@6973b51b]" started-at="2023-01-17T22:23:36 IST" name="AfEveryTest" finished-at="2023-01-17T22:23:36 IST" duration-ms="13" status="PASS">
          <reporter-output>
          </reporter-output>
        </test-method> <!-- AfEveryTest -->
        <test-method is-config="true" signature="Afclass()[pri:0, instance:testDemo.TestDemoday3@6973b51b]" started-at="2023-01-17T22:23:36 IST" name="Afclass" finished-at="2023-01-17T22:23:36 IST" duration-ms="7" status="PASS">
          <reporter-output>
          </reporter-output>
        </test-method> <!-- Afclass -->
      </class> <!-- testDemo.TestDemoday3 -->
    </test> <!-- Car Loan -->
    <test started-at="2023-01-17T22:23:35 IST" name="Personal Loan" finished-at="2023-01-17T22:23:36 IST" duration-ms="94">
      <class name="testDemo.TestDemoday1">
        <test-method signature="demo()[pri:0, instance:testDemo.TestDemoday1@3c419631]" started-at="2023-01-17T22:23:35 IST" name="demo" finished-at="2023-01-17T22:23:36 IST" duration-ms="37" status="FAIL">
          <exception class="java.lang.AssertionError">
            <message>
              <![CDATA[expected [true] but found [false]]]>
            </message>
            <full-stacktrace>
              <![CDATA[java.lang.AssertionError: expected [true] but found [false]
at org.testng.Assert.fail(Assert.java:99)
at org.testng.Assert.failNotEquals(Assert.java:1037)
at org.testng.Assert.assertTrue(Assert.java:45)
at org.testng.Assert.assertTrue(Assert.java:55)
at testDemo.TestDemoday1.demo(TestDemoday1.java:28)
at java.base/jdk.internal.reflect.DirectMethodHandleAccessor.invoke(DirectMethodHandleAccessor.java:104)
at java.base/java.lang.reflect.Method.invoke(Method.java:578)
at org.testng.internal.MethodInvocationHelper.invokeMethod(MethodInvocationHelper.java:133)
at org.testng.internal.TestInvoker.invokeMethod(TestInvoker.java:598)
at org.testng.internal.TestInvoker.invokeTestMethod(TestInvoker.java:173)
at org.testng.internal.MethodRunner.runInSequence(MethodRunner.java:46)
at org.testng.internal.TestInvoker$MethodInvocationAgent.invoke(TestInvoker.java:824)
at org.testng.internal.TestInvoker.invokeTestMethods(TestInvoker.java:146)
at org.testng.internal.TestMethodWorker.invokeTestMethods(TestMethodWorker.java:146)
at org.testng.internal.TestMethodWorker.run(TestMethodWorker.java:128)
at java.base/java.util.concurrent.ThreadPoolExecutor.runWorker(ThreadPoolExecutor.java:1144)
at java.base/java.util.concurrent.ThreadPoolExecutor$Worker.run(ThreadPoolExecutor.java:642)
at java.base/java.lang.Thread.run(Thread.java:1589)
]]>
            </full-stacktrace>
          </exception> <!-- java.lang.AssertionError -->
          <reporter-output>
          </reporter-output>
        </test-method> <!-- demo -->
        <test-method is-config="true" signature="lastExecution()[pri:0, instance:testDemo.TestDemoday1@3c419631]" started-at="2023-01-17T22:23:36 IST" name="lastExecution" finished-at="2023-01-17T22:23:36 IST" duration-ms="1" status="PASS">
          <reporter-output>
          </reporter-output>
        </test-method> <!-- lastExecution -->
      </class> <!-- testDemo.TestDemoday1 -->
      <class name="testDemo.TestDemoday2">
        <test-method is-config="true" signature="prerequisite()[pri:0, instance:testDemo.TestDemoday2@3e92efc3]" started-at="2023-01-17T22:23:35 IST" name="prerequisite" finished-at="2023-01-17T22:23:35 IST" duration-ms="1" status="PASS">
          <reporter-output>
          </reporter-output>
        </test-method> <!-- prerequisite -->
        <test-method signature="ploan()[pri:0, instance:testDemo.TestDemoday2@3e92efc3]" started-at="2023-01-17T22:23:35 IST" name="ploan" finished-at="2023-01-17T22:23:36 IST" duration-ms="16" status="PASS">
          <reporter-output>
          </reporter-output>
        </test-method> <!-- ploan -->
      </class> <!-- testDemo.TestDemoday2 -->
      <class name="testDemo.TestDemoday4">
        <test-method signature="ApiloginHomeLoan()[pri:0, instance:testDemo.TestDemoday4@1622f1b]" started-at="2023-01-17T22:23:36 IST" name="ApiloginHomeLoan" finished-at="2023-01-17T22:23:36 IST" duration-ms="7" status="PASS">
          <reporter-output>
          </reporter-output>
        </test-method> <!-- ApiloginHomeLoan -->
        <test-method signature="MobileloginHomeLoan()[pri:0, instance:testDemo.TestDemoday4@1622f1b]" started-at="2023-01-17T22:23:36 IST" name="MobileloginHomeLoan" finished-at="2023-01-17T22:23:36 IST" duration-ms="6" status="PASS">
          <reporter-output>
          </reporter-output>
        </test-method> <!-- MobileloginHomeLoan -->
        <test-method signature="WebloginHomeLoan(java.lang.String,java.lang.String)[pri:0, instance:testDemo.TestDemoday4@1622f1b]" started-at="2023-01-17T22:23:36 IST" name="WebloginHomeLoan" finished-at="2023-01-17T22:23:36 IST" duration-ms="2" status="PASS">
          <params>
            <param index="0">
              <value>
                <![CDATA[personalloan.com]]>
              </value>
            </param>
            <param index="1">
              <value>
                <![CDATA[123456]]>
              </value>
            </param>
          </params>
          <reporter-output>
          </reporter-output>
        </test-method> <!-- WebloginHomeLoan -->
      </class> <!-- testDemo.TestDemoday4 -->
    </test> <!-- Personal Loan -->
  </suite> <!-- Loan Department -->
</testng-results>
