<?xml version="1.0" encoding="UTF-8"?>
<testng-results ignored="1" total="7" passed="6" failed="0" skipped="0">
  <reporter-output>
  </reporter-output>
  <suite started-at="2023-02-04T19:54:34 IST" name="Default suite" finished-at="2023-02-04T19:54:35 IST" duration-ms="106">
    <groups>
      <group name="Smoke">
        <method signature="TestDemoday3.MobileloginCarLoan()[pri:0, instance:testDemo.TestDemoday3@37afeb11]" name="MobileloginCarLoan" class="testDemo.TestDemoday3"/>
      </group> <!-- Smoke -->
    </groups>
    <test started-at="2023-02-04T19:54:34 IST" name="Default test" finished-at="2023-02-04T19:54:35 IST" duration-ms="106">
      <class name="testDemo.TestDemoday3">
        <test-method is-config="true" signature="Bfsuite()[pri:0, instance:testDemo.TestDemoday3@37afeb11]" started-at="2023-02-04T19:54:34 IST" name="Bfsuite" finished-at="2023-02-04T19:54:34 IST" duration-ms="11" status="PASS">
          <reporter-output>
          </reporter-output>
        </test-method> <!-- Bfsuite -->
        <test-method is-config="true" signature="Bfclass()[pri:0, instance:testDemo.TestDemoday3@37afeb11]" started-at="2023-02-04T19:54:34 IST" name="Bfclass" finished-at="2023-02-04T19:54:34 IST" duration-ms="1" status="PASS">
          <reporter-output>
          </reporter-output>
        </test-method> <!-- Bfclass -->
        <test-method is-config="true" signature="BfEveryTest()[pri:0, instance:testDemo.TestDemoday3@37afeb11]" started-at="2023-02-04T19:54:34 IST" name="BfEveryTest" finished-at="2023-02-04T19:54:34 IST" duration-ms="1" status="PASS">
          <reporter-output>
          </reporter-output>
        </test-method> <!-- BfEveryTest -->
        <test-method signature="MobilesignoutCarLoan(java.lang.String,java.lang.String)[pri:0, instance:testDemo.TestDemoday3@37afeb11]" started-at="2023-02-04T19:54:34 IST" name="MobilesignoutCarLoan" data-provider="getData" finished-at="2023-02-04T19:54:34 IST" duration-ms="15" status="PASS">
          <params>
            <param index="0">
              <value>
                <![CDATA[firstSetUserName]]>
              </value>
            </param>
            <param index="1">
              <value>
                <![CDATA[firstPassword]]>
              </value>
            </param>
          </params>
          <reporter-output>
          </reporter-output>
        </test-method> <!-- MobilesignoutCarLoan -->
        <test-method is-config="true" signature="AfEveryTest()[pri:0, instance:testDemo.TestDemoday3@37afeb11]" started-at="2023-02-04T19:54:34 IST" name="AfEveryTest" finished-at="2023-02-04T19:54:34 IST" duration-ms="0" status="PASS">
          <reporter-output>
          </reporter-output>
        </test-method> <!-- AfEveryTest -->
        <test-method is-config="true" signature="BfEveryTest()[pri:0, instance:testDemo.TestDemoday3@37afeb11]" started-at="2023-02-04T19:54:34 IST" name="BfEveryTest" finished-at="2023-02-04T19:54:34 IST" duration-ms="0" status="PASS">
          <reporter-output>
          </reporter-output>
        </test-method> <!-- BfEveryTest -->
        <test-method signature="MobilesignoutCarLoan(java.lang.String,java.lang.String)[pri:0, instance:testDemo.TestDemoday3@37afeb11]" started-at="2023-02-04T19:54:34 IST" name="MobilesignoutCarLoan" data-provider="getData" finished-at="2023-02-04T19:54:34 IST" duration-ms="3" status="PASS">
          <params>
            <param index="0">
              <value>
                <![CDATA[secondSetUserName]]>
              </value>
            </param>
            <param index="1">
              <value>
                <![CDATA[secondPassword]]>
              </value>
            </param>
          </params>
          <reporter-output>
          </reporter-output>
        </test-method> <!-- MobilesignoutCarLoan -->
        <test-method is-config="true" signature="AfEveryTest()[pri:0, instance:testDemo.TestDemoday3@37afeb11]" started-at="2023-02-04T19:54:34 IST" name="AfEveryTest" finished-at="2023-02-04T19:54:34 IST" duration-ms="1" status="PASS">
          <reporter-output>
          </reporter-output>
        </test-method> <!-- AfEveryTest -->
        <test-method signature="MobilesignoutCarLoan(java.lang.String,java.lang.String)[pri:0, instance:testDemo.TestDemoday3@37afeb11]" started-at="2023-02-04T19:54:34 IST" name="MobilesignoutCarLoan" data-provider="getData" finished-at="2023-02-04T19:54:34 IST" duration-ms="2" status="PASS">
          <params>
            <param index="0">
              <value>
                <![CDATA[thirdSetUserName]]>
              </value>
            </param>
            <param index="1">
              <value>
                <![CDATA[thirdPassword]]>
              </value>
            </param>
          </params>
          <reporter-output>
          </reporter-output>
        </test-method> <!-- MobilesignoutCarLoan -->
        <test-method is-config="true" signature="BfEveryTest()[pri:0, instance:testDemo.TestDemoday3@37afeb11]" started-at="2023-02-04T19:54:34 IST" name="BfEveryTest" finished-at="2023-02-04T19:54:34 IST" duration-ms="0" status="PASS">
          <reporter-output>
          </reporter-output>
        </test-method> <!-- BfEveryTest -->
        <test-method is-config="true" signature="AfEveryTest()[pri:0, instance:testDemo.TestDemoday3@37afeb11]" started-at="2023-02-04T19:54:34 IST" name="AfEveryTest" finished-at="2023-02-04T19:54:34 IST" duration-ms="0" status="PASS">
          <reporter-output>
          </reporter-output>
        </test-method> <!-- AfEveryTest -->
        <test-method is-config="true" signature="BfEveryTest()[pri:0, instance:testDemo.TestDemoday3@37afeb11]" started-at="2023-02-04T19:54:34 IST" name="BfEveryTest" finished-at="2023-02-04T19:54:34 IST" duration-ms="1" status="PASS">
          <reporter-output>
          </reporter-output>
        </test-method> <!-- BfEveryTest -->
        <test-method signature="WebloginCarLoan()[pri:0, instance:testDemo.TestDemoday3@37afeb11]" started-at="2023-02-04T19:54:34 IST" name="WebloginCarLoan" finished-at="2023-02-04T19:54:34 IST" duration-ms="3" status="PASS">
          <reporter-output>
          </reporter-output>
        </test-method> <!-- WebloginCarLoan -->
        <test-method is-config="true" signature="AfEveryTest()[pri:0, instance:testDemo.TestDemoday3@37afeb11]" started-at="2023-02-04T19:54:34 IST" name="AfEveryTest" finished-at="2023-02-04T19:54:34 IST" duration-ms="0" status="PASS">
          <reporter-output>
          </reporter-output>
        </test-method> <!-- AfEveryTest -->
        <test-method is-config="true" signature="BfEveryTest()[pri:0, instance:testDemo.TestDemoday3@37afeb11]" started-at="2023-02-04T19:54:34 IST" name="BfEveryTest" finished-at="2023-02-04T19:54:34 IST" duration-ms="1" status="PASS">
          <reporter-output>
          </reporter-output>
        </test-method> <!-- BfEveryTest -->
        <test-method signature="MobileloginCarLoan()[pri:0, instance:testDemo.TestDemoday3@37afeb11]" started-at="2023-02-04T19:54:34 IST" name="MobileloginCarLoan" finished-at="2023-02-04T19:54:34 IST" duration-ms="3" status="PASS">
          <reporter-output>
          </reporter-output>
        </test-method> <!-- MobileloginCarLoan -->
        <test-method is-config="true" signature="AfEveryTest()[pri:0, instance:testDemo.TestDemoday3@37afeb11]" started-at="2023-02-04T19:54:34 IST" name="AfEveryTest" finished-at="2023-02-04T19:54:34 IST" duration-ms="1" status="PASS">
          <reporter-output>
          </reporter-output>
        </test-method> <!-- AfEveryTest -->
        <test-method is-config="true" signature="BfEveryTest()[pri:0, instance:testDemo.TestDemoday3@37afeb11]" started-at="2023-02-04T19:54:35 IST" name="BfEveryTest" finished-at="2023-02-04T19:54:35 IST" duration-ms="0" status="PASS">
          <reporter-output>
          </reporter-output>
        </test-method> <!-- BfEveryTest -->
        <test-method signature="ApiloginCarLoan()[pri:0, instance:testDemo.TestDemoday3@37afeb11]" started-at="2023-02-04T19:54:35 IST" name="ApiloginCarLoan" finished-at="2023-02-04T19:54:35 IST" depends-on-methods="testDemo.TestDemoday3.MobilesignoutCarLoan, testDemo.TestDemoday3.WebloginCarLoan" duration-ms="2" status="PASS">
          <reporter-output>
          </reporter-output>
        </test-method> <!-- ApiloginCarLoan -->
        <test-method is-config="true" signature="AfEveryTest()[pri:0, instance:testDemo.TestDemoday3@37afeb11]" started-at="2023-02-04T19:54:35 IST" name="AfEveryTest" finished-at="2023-02-04T19:54:35 IST" duration-ms="1" status="PASS">
          <reporter-output>
          </reporter-output>
        </test-method> <!-- AfEveryTest -->
        <test-method is-config="true" signature="Afclass()[pri:0, instance:testDemo.TestDemoday3@37afeb11]" started-at="2023-02-04T19:54:35 IST" name="Afclass" finished-at="2023-02-04T19:54:35 IST" duration-ms="2" status="PASS">
          <reporter-output>
          </reporter-output>
        </test-method> <!-- Afclass -->
      </class> <!-- testDemo.TestDemoday3 -->
    </test> <!-- Default test -->
  </suite> <!-- Default suite -->
</testng-results>
